This is pdfTeX, Version 3.14159265-2.6-1.40.16 (TeX Live 2015) (preloaded format=pdflatex 2016.3.24)  28 AUG 2018 10:01
entering extended mode
 restricted \write18 enabled.
 %&-line parsing enabled.
**mona-lisa.tex
(./mona-lisa.tex
LaTeX2e <2015/01/01>
Babel <3.9l> and hyphenation patterns for 79 languages loaded.
(/usr/local/texlive/2015/texmf-dist/tex/latex/base/article.cls
Document Class: article 2014/09/29 v1.4h Standard LaTeX document class
(/usr/local/texlive/2015/texmf-dist/tex/latex/base/size12.clo
File: size12.clo 2014/09/29 v1.4h Standard LaTeX file (size option)
)
\c@part=\count79
\c@section=\count80
\c@subsection=\count81
\c@subsubsection=\count82
\c@paragraph=\count83
\c@subparagraph=\count84
\c@figure=\count85
\c@table=\count86
\abovecaptionskip=\skip41
\belowcaptionskip=\skip42
\bibindent=\dimen102
)
(/usr/local/texlive/2015/texmf-dist/tex/latex/graphics/graphicx.sty
Package: graphicx 2014/10/28 v1.0g Enhanced LaTeX Graphics (DPC,SPQR)

(/usr/local/texlive/2015/texmf-dist/tex/latex/graphics/keyval.sty
Package: keyval 2014/10/28 v1.15 key=value parser (DPC)
\KV@toks@=\toks14
)
(/usr/local/texlive/2015/texmf-dist/tex/latex/graphics/graphics.sty
Package: graphics 2014/10/28 v1.0p Standard LaTeX Graphics (DPC,SPQR)

(/usr/local/texlive/2015/texmf-dist/tex/latex/graphics/trig.sty
Package: trig 1999/03/16 v1.09 sin cos tan (DPC)
)
(/usr/local/texlive/2015/texmf-dist/tex/latex/latexconfig/graphics.cfg
File: graphics.cfg 2010/04/23 v1.9 graphics configuration of TeX Live
)
Package graphics Info: Driver file: pdftex.def on input line 94.

(/usr/local/texlive/2015/texmf-dist/tex/latex/pdftex-def/pdftex.def
File: pdftex.def 2011/05/27 v0.06d Graphics/color for pdfTeX

(/usr/local/texlive/2015/texmf-dist/tex/generic/oberdiek/infwarerr.sty
Package: infwarerr 2010/04/08 v1.3 Providing info/warning/error messages (HO)
)
(/usr/local/texlive/2015/texmf-dist/tex/generic/oberdiek/ltxcmds.sty
Package: ltxcmds 2011/11/09 v1.22 LaTeX kernel commands for general use (HO)
)
\Gread@gobject=\count87
))
\Gin@req@height=\dimen103
\Gin@req@width=\dimen104
)
(/usr/local/texlive/2015/texmf-dist/tex/latex/caption/subcaption.sty
Package: subcaption 2013/02/03 v1.1-62 Sub-captions (AR)

(/usr/local/texlive/2015/texmf-dist/tex/latex/caption/caption.sty
Package: caption 2013/05/02 v3.3-89 Customizing captions (AR)

(/usr/local/texlive/2015/texmf-dist/tex/latex/caption/caption3.sty
Package: caption3 2013/05/02 v1.6-88 caption3 kernel (AR)
Package caption3 Info: TeX engine: e-TeX on input line 57.
\captionmargin=\dimen105
\captionmargin@=\dimen106
\captionwidth=\dimen107
\caption@tempdima=\dimen108
\caption@indent=\dimen109
\caption@parindent=\dimen110
\caption@hangindent=\dimen111
)
\c@ContinuedFloat=\count88
)
\c@subfigure=\count89
\c@subtable=\count90
)
(/usr/local/texlive/2015/texmf-dist/tex/latex/lineno/lineno.sty
Package: lineno 2005/11/02 line numbers on paragraphs v4.41
\linenopenalty=\count91
\output=\toks15
\linenoprevgraf=\count92
\linenumbersep=\dimen112
\linenumberwidth=\dimen113
\c@linenumber=\count93
\c@pagewiselinenumber=\count94
\c@LN@truepage=\count95
\c@internallinenumber=\count96
\c@internallinenumbers=\count97
\quotelinenumbersep=\dimen114
\bframerule=\dimen115
\bframesep=\dimen116
\bframebox=\box26
LaTeX Info: Redefining \\ on input line 3056.
)
(/usr/local/texlive/2015/texmf-dist/tex/latex/float/float.sty
Package: float 2001/11/08 v1.3d Float enhancements (AL)
\c@float@type=\count98
\float@exts=\toks16
\float@box=\box27
\@float@everytoks=\toks17
\@floatcapt=\box28
)
(/usr/local/texlive/2015/texmf-dist/tex/latex/amsmath/amsmath.sty
Package: amsmath 2013/01/14 v2.14 AMS math features
\@mathmargin=\skip43

For additional information on amsmath, use the `?' option.
(/usr/local/texlive/2015/texmf-dist/tex/latex/amsmath/amstext.sty
Package: amstext 2000/06/29 v2.01

(/usr/local/texlive/2015/texmf-dist/tex/latex/amsmath/amsgen.sty
File: amsgen.sty 1999/11/30 v2.0
\@emptytoks=\toks18
\ex@=\dimen117
))
(/usr/local/texlive/2015/texmf-dist/tex/latex/amsmath/amsbsy.sty
Package: amsbsy 1999/11/29 v1.2d
\pmbraise@=\dimen118
)
(/usr/local/texlive/2015/texmf-dist/tex/latex/amsmath/amsopn.sty
Package: amsopn 1999/12/14 v2.01 operator names
)
\inf@bad=\count99
LaTeX Info: Redefining \frac on input line 210.
\uproot@=\count100
\leftroot@=\count101
LaTeX Info: Redefining \overline on input line 306.
\classnum@=\count102
\DOTSCASE@=\count103
LaTeX Info: Redefining \ldots on input line 378.
LaTeX Info: Redefining \dots on input line 381.
LaTeX Info: Redefining \cdots on input line 466.
\Mathstrutbox@=\box29
\strutbox@=\box30
\big@size=\dimen119
LaTeX Font Info:    Redeclaring font encoding OML on input line 566.
LaTeX Font Info:    Redeclaring font encoding OMS on input line 567.
\macc@depth=\count104
\c@MaxMatrixCols=\count105
\dotsspace@=\muskip10
\c@parentequation=\count106
\dspbrk@lvl=\count107
\tag@help=\toks19
\row@=\count108
\column@=\count109
\maxfields@=\count110
\andhelp@=\toks20
\eqnshift@=\dimen120
\alignsep@=\dimen121
\tagshift@=\dimen122
\tagwidth@=\dimen123
\totwidth@=\dimen124
\lineht@=\dimen125
\@envbody=\toks21
\multlinegap=\skip44
\multlinetaggap=\skip45
\mathdisplay@stack=\toks22
LaTeX Info: Redefining \[ on input line 2665.
LaTeX Info: Redefining \] on input line 2666.
)
(/usr/local/texlive/2015/texmf-dist/tex/latex/tools/bm.sty
Package: bm 2014/10/28 v1.1c Bold Symbol Support (DPC/FMi)
\symboldoperators=\mathgroup4
\symboldletters=\mathgroup5
\symboldsymbols=\mathgroup6
LaTeX Font Info:    Redeclaring math alphabet \mathbf on input line 141.
LaTeX Info: Redefining \bm on input line 207.
)
(/usr/local/texlive/2015/texmf-dist/tex/latex/natbib/natbib.sty
Package: natbib 2010/09/13 8.31b (PWD, AO)
\bibhang=\skip46
\bibsep=\skip47
LaTeX Info: Redefining \cite on input line 694.
\c@NAT@ctr=\count111
)
(/usr/local/texlive/2015/texmf-dist/tex/latex/base/textcomp.sty
Package: textcomp 2005/09/27 v1.99g Standard LaTeX package
Package textcomp Info: Sub-encoding information:
(textcomp)               5 = only ISO-Adobe without \textcurrency
(textcomp)               4 = 5 + \texteuro
(textcomp)               3 = 4 + \textohm
(textcomp)               2 = 3 + \textestimated + \textcurrency
(textcomp)               1 = TS1 - \textcircled - \t
(textcomp)               0 = TS1 (full)
(textcomp)             Font families with sub-encoding setting implement
(textcomp)             only a restricted character set as indicated.
(textcomp)             Family '?' is the default used for unknown fonts.
(textcomp)             See the documentation for details.
Package textcomp Info: Setting ? sub-encoding to TS1/1 on input line 79.

(/usr/local/texlive/2015/texmf-dist/tex/latex/base/ts1enc.def
File: ts1enc.def 2001/06/05 v3.0e (jk/car/fm) Standard LaTeX file
)
LaTeX Info: Redefining \oldstylenums on input line 334.
Package textcomp Info: Setting cmr sub-encoding to TS1/0 on input line 349.
Package textcomp Info: Setting cmss sub-encoding to TS1/0 on input line 350.
Package textcomp Info: Setting cmtt sub-encoding to TS1/0 on input line 351.
Package textcomp Info: Setting cmvtt sub-encoding to TS1/0 on input line 352.
Package textcomp Info: Setting cmbr sub-encoding to TS1/0 on input line 353.
Package textcomp Info: Setting cmtl sub-encoding to TS1/0 on input line 354.
Package textcomp Info: Setting ccr sub-encoding to TS1/0 on input line 355.
Package textcomp Info: Setting ptm sub-encoding to TS1/4 on input line 356.
Package textcomp Info: Setting pcr sub-encoding to TS1/4 on input line 357.
Package textcomp Info: Setting phv sub-encoding to TS1/4 on input line 358.
Package textcomp Info: Setting ppl sub-encoding to TS1/3 on input line 359.
Package textcomp Info: Setting pag sub-encoding to TS1/4 on input line 360.
Package textcomp Info: Setting pbk sub-encoding to TS1/4 on input line 361.
Package textcomp Info: Setting pnc sub-encoding to TS1/4 on input line 362.
Package textcomp Info: Setting pzc sub-encoding to TS1/4 on input line 363.
Package textcomp Info: Setting bch sub-encoding to TS1/4 on input line 364.
Package textcomp Info: Setting put sub-encoding to TS1/5 on input line 365.
Package textcomp Info: Setting uag sub-encoding to TS1/5 on input line 366.
Package textcomp Info: Setting ugq sub-encoding to TS1/5 on input line 367.
Package textcomp Info: Setting ul8 sub-encoding to TS1/4 on input line 368.
Package textcomp Info: Setting ul9 sub-encoding to TS1/4 on input line 369.
Package textcomp Info: Setting augie sub-encoding to TS1/5 on input line 370.
Package textcomp Info: Setting dayrom sub-encoding to TS1/3 on input line 371.
Package textcomp Info: Setting dayroms sub-encoding to TS1/3 on input line 372.

Package textcomp Info: Setting pxr sub-encoding to TS1/0 on input line 373.
Package textcomp Info: Setting pxss sub-encoding to TS1/0 on input line 374.
Package textcomp Info: Setting pxtt sub-encoding to TS1/0 on input line 375.
Package textcomp Info: Setting txr sub-encoding to TS1/0 on input line 376.
Package textcomp Info: Setting txss sub-encoding to TS1/0 on input line 377.
Package textcomp Info: Setting txtt sub-encoding to TS1/0 on input line 378.
Package textcomp Info: Setting lmr sub-encoding to TS1/0 on input line 379.
Package textcomp Info: Setting lmdh sub-encoding to TS1/0 on input line 380.
Package textcomp Info: Setting lmss sub-encoding to TS1/0 on input line 381.
Package textcomp Info: Setting lmssq sub-encoding to TS1/0 on input line 382.
Package textcomp Info: Setting lmvtt sub-encoding to TS1/0 on input line 383.
Package textcomp Info: Setting lmtt sub-encoding to TS1/0 on input line 384.
Package textcomp Info: Setting qhv sub-encoding to TS1/0 on input line 385.
Package textcomp Info: Setting qag sub-encoding to TS1/0 on input line 386.
Package textcomp Info: Setting qbk sub-encoding to TS1/0 on input line 387.
Package textcomp Info: Setting qcr sub-encoding to TS1/0 on input line 388.
Package textcomp Info: Setting qcs sub-encoding to TS1/0 on input line 389.
Package textcomp Info: Setting qpl sub-encoding to TS1/0 on input line 390.
Package textcomp Info: Setting qtm sub-encoding to TS1/0 on input line 391.
Package textcomp Info: Setting qzc sub-encoding to TS1/0 on input line 392.
Package textcomp Info: Setting qhvc sub-encoding to TS1/0 on input line 393.
Package textcomp Info: Setting futs sub-encoding to TS1/4 on input line 394.
Package textcomp Info: Setting futx sub-encoding to TS1/4 on input line 395.
Package textcomp Info: Setting futj sub-encoding to TS1/4 on input line 396.
Package textcomp Info: Setting hlh sub-encoding to TS1/3 on input line 397.
Package textcomp Info: Setting hls sub-encoding to TS1/3 on input line 398.
Package textcomp Info: Setting hlst sub-encoding to TS1/3 on input line 399.
Package textcomp Info: Setting hlct sub-encoding to TS1/5 on input line 400.
Package textcomp Info: Setting hlx sub-encoding to TS1/5 on input line 401.
Package textcomp Info: Setting hlce sub-encoding to TS1/5 on input line 402.
Package textcomp Info: Setting hlcn sub-encoding to TS1/5 on input line 403.
Package textcomp Info: Setting hlcw sub-encoding to TS1/5 on input line 404.
Package textcomp Info: Setting hlcf sub-encoding to TS1/5 on input line 405.
Package textcomp Info: Setting pplx sub-encoding to TS1/3 on input line 406.
Package textcomp Info: Setting pplj sub-encoding to TS1/3 on input line 407.
Package textcomp Info: Setting ptmx sub-encoding to TS1/4 on input line 408.
Package textcomp Info: Setting ptmj sub-encoding to TS1/4 on input line 409.
)
No file mona-lisa.aux.
\openout1 = `mona-lisa.aux'.

LaTeX Font Info:    Checking defaults for OML/cmm/m/it on input line 12.
LaTeX Font Info:    ... okay on input line 12.
LaTeX Font Info:    Checking defaults for T1/cmr/m/n on input line 12.
LaTeX Font Info:    ... okay on input line 12.
LaTeX Font Info:    Checking defaults for OT1/cmr/m/n on input line 12.
LaTeX Font Info:    ... okay on input line 12.
LaTeX Font Info:    Checking defaults for OMS/cmsy/m/n on input line 12.
LaTeX Font Info:    ... okay on input line 12.
LaTeX Font Info:    Checking defaults for OMX/cmex/m/n on input line 12.
LaTeX Font Info:    ... okay on input line 12.
LaTeX Font Info:    Checking defaults for U/cmr/m/n on input line 12.
LaTeX Font Info:    ... okay on input line 12.
LaTeX Font Info:    Checking defaults for TS1/cmr/m/n on input line 12.
LaTeX Font Info:    Try loading font information for TS1+cmr on input line 12.
(/usr/local/texlive/2015/texmf-dist/tex/latex/base/ts1cmr.fd
File: ts1cmr.fd 2014/09/29 v2.5h Standard LaTeX font definitions
)
LaTeX Font Info:    ... okay on input line 12.

(/usr/local/texlive/2015/texmf-dist/tex/context/base/supp-pdf.mkii
[Loading MPS to PDF converter (version 2006.09.02).]
\scratchcounter=\count112
\scratchdimen=\dimen126
\scratchbox=\box31
\nofMPsegments=\count113
\nofMParguments=\count114
\everyMPshowfont=\toks23
\MPscratchCnt=\count115
\MPscratchDim=\dimen127
\MPnumerator=\count116
\makeMPintoPDFobject=\count117
\everyMPtoPDFconversion=\toks24
) (/usr/local/texlive/2015/texmf-dist/tex/generic/oberdiek/pdftexcmds.sty
Package: pdftexcmds 2011/11/29 v0.20 Utility functions of pdfTeX for LuaTeX (HO
)

(/usr/local/texlive/2015/texmf-dist/tex/generic/oberdiek/ifluatex.sty
Package: ifluatex 2010/03/01 v1.3 Provides the ifluatex switch (HO)
Package ifluatex Info: LuaTeX not detected.
)
(/usr/local/texlive/2015/texmf-dist/tex/generic/oberdiek/ifpdf.sty
Package: ifpdf 2011/01/30 v2.3 Provides the ifpdf switch (HO)
Package ifpdf Info: pdfTeX in PDF mode is detected.
)
Package pdftexcmds Info: LuaTeX not detected.
Package pdftexcmds Info: \pdf@primitive is available.
Package pdftexcmds Info: \pdf@ifprimitive is available.
Package pdftexcmds Info: \pdfdraftmode found.
)
(/usr/local/texlive/2015/texmf-dist/tex/latex/oberdiek/epstopdf-base.sty
Package: epstopdf-base 2010/02/09 v2.5 Base part for package epstopdf

(/usr/local/texlive/2015/texmf-dist/tex/latex/oberdiek/grfext.sty
Package: grfext 2010/08/19 v1.1 Manage graphics extensions (HO)

(/usr/local/texlive/2015/texmf-dist/tex/generic/oberdiek/kvdefinekeys.sty
Package: kvdefinekeys 2011/04/07 v1.3 Define keys (HO)
))
(/usr/local/texlive/2015/texmf-dist/tex/latex/oberdiek/kvoptions.sty
Package: kvoptions 2011/06/30 v3.11 Key value format for package options (HO)

(/usr/local/texlive/2015/texmf-dist/tex/generic/oberdiek/kvsetkeys.sty
Package: kvsetkeys 2012/04/25 v1.16 Key value parser (HO)

(/usr/local/texlive/2015/texmf-dist/tex/generic/oberdiek/etexcmds.sty
Package: etexcmds 2011/02/16 v1.5 Avoid name clashes with e-TeX commands (HO)
Package etexcmds Info: Could not find \expanded.
(etexcmds)             That can mean that you are not using pdfTeX 1.50 or
(etexcmds)             that some package has redefined \expanded.
(etexcmds)             In the latter case, load this package earlier.
)))
Package grfext Info: Graphics extension search list:
(grfext)             [.png,.pdf,.jpg,.mps,.jpeg,.jbig2,.jb2,.PNG,.PDF,.JPG,.JPE
G,.JBIG2,.JB2,.eps]
(grfext)             \AppendGraphicsExtensions on input line 452.

(/usr/local/texlive/2015/texmf-dist/tex/latex/latexconfig/epstopdf-sys.cfg
File: epstopdf-sys.cfg 2010/07/13 v1.3 Configuration of (r)epstopdf for TeX Liv
e
))
Package caption Info: Begin \AtBeginDocument code.
Package caption Info: float package is loaded.
Package caption Info: End \AtBeginDocument code.


Package natbib Warning: Citation `Efford' on page 1 undefined on input line 20.


[1

{/usr/local/texlive/2015/texmf-var/fonts/map/pdftex/updmap/pdftex.map}]

Package natbib Warning: Citation `Borchers2012' on page 2 undefined on input li
ne 26.

[2]

Package natbib Warning: Citation `Borchers2008' on page 3 undefined on input li
ne 37.

[3]

Package natbib Warning: Citation `Dorazio2017' on page 4 undefined on input lin
e 62.


Package natbib Warning: Citation `Kendall2016' on page 4 undefined on input lin
e 62.


Package natbib Warning: Citation `Sollmann2011' on page 4 undefined on input li
ne 62.


Package natbib Warning: Citation `Royle2009' on page 4 undefined on input line 
62.


Package natbib Warning: Citation `Dorazio2017' on page 4 undefined on input lin
e 62.


Package natbib Warning: Citation `Efford' on page 4 undefined on input line 62.


[4] [5]

LaTeX Warning: Reference `mlinputs' on page 6 undefined on input line 78.


LaTeX Warning: Reference `mlinputs' on page 6 undefined on input line 78.


Overfull \hbox (3.92184pt too wide) in paragraph at lines 78--79
\OT1/cmr/m/n/12 recog-nis-able im-ages in West-ern cul-ture, the Mona Lisa. We 
cre-ated a greyscale
 []


LaTeX Warning: Reference `mlinputs' on page 6 undefined on input line 80.


LaTeX Warning: Reference `mlinputs' on page 6 undefined on input line 80.

[6] <mona_inputdata.png, id=34, 2710.125pt x 903.375pt>
File: mona_inputdata.png Graphic file (type png)

<use mona_inputdata.png>
Package pdftex.def Info: mona_inputdata.png used on input line 84.
(pdftex.def)             Requested size: 390.0pt x 130.00043pt.


LaTeX Warning: Reference `mona1low' on page 7 undefined on input line 91.

[7 <./mona_inputdata.png>]

LaTeX Warning: Reference `covariates' on page 8 undefined on input line 97.

[8]

Package natbib Warning: Citation `Dorazio2017' on page 9 undefined on input lin
e 102.

Missing character: There is no â in font cmr12!
Missing character: There is no € in font cmr12!
Missing character: There is no “ in font cmr12!

LaTeX Warning: Reference `tigernocov' on page 9 undefined on input line 102.

[9]

LaTeX Warning: Reference `tigernocov' on page 10 undefined on input line 104.


LaTeX Warning: Reference `tigernocov' on page 10 undefined on input line 104.


LaTeX Warning: Reference `binom' on page 10 undefined on input line 110.

[10] <binompp_inf.png, id=51, 7227.0pt x 5420.25pt>
File: binompp_inf.png Graphic file (type png)
 <use binompp_inf.png>
Package pdftex.def Info: binompp_inf.png used on input line 114.
(pdftex.def)             Requested size: 390.0pt x 292.4493pt.


LaTeX Warning: Reference `mona1low' on page 11 undefined on input line 122.


LaTeX Warning: Reference `mona1hi' on page 11 undefined on input line 122.


LaTeX Warning: Reference `mona1low' on page 11 undefined on input line 122.


LaTeX Warning: Reference `mona1hi' on page 11 undefined on input line 122.


LaTeX Warning: Reference `mona1low' on page 11 undefined on input line 124.


LaTeX Warning: Reference `mona1hi' on page 11 undefined on input line 124.


LaTeX Warning: Reference `mona1low' on page 11 undefined on input line 124.


LaTeX Warning: Reference `mona1hi' on page 11 undefined on input line 124.

[11] [12 <./binompp_inf.png>]
<many_faces_mona_loweffort.png, id=62, 4818.0pt x 2409.0pt>
File: many_faces_mona_loweffort.png Graphic file (type png)

<use many_faces_mona_loweffort.png>
Package pdftex.def Info: many_faces_mona_loweffort.png used on input line 128.
(pdftex.def)             Requested size: 390.0pt x 194.9662pt.

<many_faces_mona_higheffort.png, id=63, 4818.0pt x 2409.0pt>
File: many_faces_mona_higheffort.png Graphic file (type png)

<use many_faces_mona_higheffort.png>
Package pdftex.def Info: many_faces_mona_higheffort.png used on input line 135.

(pdftex.def)             Requested size: 390.0pt x 194.9662pt.


LaTeX Warning: Reference `mona1low' on page 13 undefined on input line 136.


LaTeX Warning: Reference `mona1low' on page 13 undefined on input line 136.


LaTeX Warning: Reference `covariates' on page 13 undefined on input line 141.


LaTeX Warning: Reference `covariates' on page 13 undefined on input line 141.

[13] [14 <./many_faces_mona_loweffort.png>] [15 <./many_faces_mona_higheffort.p
ng>] <mona_covariates.png, id=76, 4757.775pt x 3613.5pt>
File: mona_covariates.png Graphic file (type png)

<use mona_covariates.png>
Package pdftex.def Info: mona_covariates.png used on input line 145.
(pdftex.def)             Requested size: 390.0pt x 296.19864pt.


LaTeX Warning: Reference `inputdata' on page 16 undefined on input line 146.


LaTeX Warning: Reference `s:simcapthist' on page 16 undefined on input line 146
.


LaTeX Warning: Reference `inputdata' on page 16 undefined on input line 146.


LaTeX Warning: Reference `s:simcapthist' on page 16 undefined on input line 146
.


LaTeX Warning: Reference `peaky' on page 16 undefined on input line 154.


LaTeX Warning: Reference `peaky' on page 16 undefined on input line 154.


LaTeX Warning: Reference `peaky' on page 16 undefined on input line 154.

[16] [17 <./mona_covariates.png>]

LaTeX Warning: Reference `peaky' on page 18 undefined on input line 158.


LaTeX Warning: Reference `peaky' on page 18 undefined on input line 158.

<mona_peaky.png, id=84, 4818.0pt x 3613.5pt>
File: mona_peaky.png Graphic file (type png)
 <use mona_peaky.png>
Package pdftex.def Info: mona_peaky.png used on input line 162.
(pdftex.def)             Requested size: 390.0pt x 292.4493pt.


LaTeX Warning: Reference `s:simcapthist' on page 18 undefined on input line 163
.


LaTeX Warning: Reference `mona_inputs' on page 18 undefined on input line 163.


LaTeX Warning: Reference `s:simcapthist' on page 18 undefined on input line 163
.


LaTeX Warning: Reference `mona_inputs' on page 18 undefined on input line 163.


LaTeX Warning: Reference `move' on page 18 undefined on input line 169.


LaTeX Warning: Reference `move' on page 18 undefined on input line 169.


LaTeX Warning: Reference `move' on page 18 undefined on input line 169.


LaTeX Warning: Reference `move' on page 18 undefined on input line 169.

[18] [19 <./mona_peaky.png>]
<mona_with_movement.png, id=93, 4818.0pt x 3613.5pt>
File: mona_with_movement.png Graphic file (type png)

<use mona_with_movement.png>
Package pdftex.def Info: mona_with_movement.png used on input line 173.
(pdftex.def)             Requested size: 390.0pt x 292.4493pt.
 [20 <./mona_with_movement.png>]

LaTeX Warning: Reference `tigernocov' on page 21 undefined on input line 179.


LaTeX Warning: Reference `tigerspaceuse' on page 21 undefined on input line 179
.


LaTeX Warning: Reference `tigernocov' on page 21 undefined on input line 182.


LaTeX Warning: Reference `tigernocov' on page 21 undefined on input line 184.


LaTeX Warning: Reference `tigernocov' on page 21 undefined on input line 184.


LaTeX Warning: Reference `tigernocov' on page 21 undefined on input line 186.

[21] <tiger_surfaces_nocovs.png, id=101, 5420.25pt x 2710.125pt>
File: tiger_surfaces_nocovs.png Graphic file (type png)

<use tiger_surfaces_nocovs.png>
Package pdftex.def Info: tiger_surfaces_nocovs.png used on input line 190.
(pdftex.def)             Requested size: 390.0pt x 194.97998pt.


LaTeX Warning: Reference `tigercov' on page 22 undefined on input line 197.


LaTeX Warning: Reference `tigercov' on page 22 undefined on input line 197.

[22 <./tiger_surfaces_nocovs.png>]
<tiger_surfaces_covs.png, id=106, 5420.25pt x 2710.125pt>
File: tiger_surfaces_covs.png Graphic file (type png)

<use tiger_surfaces_covs.png>
Package pdftex.def Info: tiger_surfaces_covs.png used on input line 201.
(pdftex.def)             Requested size: 390.0pt x 194.97998pt.


LaTeX Warning: Reference `tigerspaceuse' on page 23 undefined on input line 208
.


LaTeX Warning: Reference `tigerspaceuse' on page 23 undefined on input line 208
.

[23 <./tiger_surfaces_covs.png>]
<tiger_spaceuse.png, id=111, 3252.15pt x 2710.125pt>
File: tiger_spaceuse.png Graphic file (type png)
 <use tiger_spaceuse.png>
Package pdftex.def Info: tiger_spaceuse.png used on input line 212.
(pdftex.def)             Requested size: 234.00238pt x 194.97998pt.

[24 <./tiger_spaceuse.png>]

LaTeX Warning: Reference `mona1low' on page 25 undefined on input line 223.


LaTeX Warning: Reference `mona1hi' on page 25 undefined on input line 223.

[25] [26]

LaTeX Warning: Reference `covariates' on page 27 undefined on input line 231.


LaTeX Warning: Reference `tigercov' on page 27 undefined on input line 231.

[27] [28] [29] [30]
No file mona-lisa.bbl.

Package natbib Warning: There were undefined citations.

[31] (./mona-lisa.aux)

LaTeX Warning: There were undefined references.


LaTeX Warning: Label(s) may have changed. Rerun to get cross-references right.

 ) 
Here is how much of TeX's memory you used:
 4398 strings out of 493089
 65409 string characters out of 6134842
 127203 words of memory out of 5000000
 7816 multiletter control sequences out of 15000+600000
 16639 words of font info for 58 fonts, out of 8000000 for 9000
 1141 hyphenation exceptions out of 8191
 42i,8n,40p,1844b,290s stack positions out of 5000i,500n,10000p,200000b,80000s
</usr/local/texlive/2015/texmf-dist/fonts/type1/public/amsfonts/cm/cmbx12.pfb
></usr/local/texlive/2015/texmf-dist/fonts/type1/public/amsfonts/cm/cmex10.pfb>
</usr/local/texlive/2015/texmf-dist/fonts/type1/public/amsfonts/cm/cmmi10.pfb><
/usr/local/texlive/2015/texmf-dist/fonts/type1/public/amsfonts/cm/cmmi12.pfb></
usr/local/texlive/2015/texmf-dist/fonts/type1/public/amsfonts/cm/cmmi6.pfb></us
r/local/texlive/2015/texmf-dist/fonts/type1/public/amsfonts/cm/cmmi8.pfb></usr/
local/texlive/2015/texmf-dist/fonts/type1/public/amsfonts/cm/cmmib10.pfb></usr/
local/texlive/2015/texmf-dist/fonts/type1/public/amsfonts/cmextra/cmmib8.pfb></
usr/local/texlive/2015/texmf-dist/fonts/type1/public/amsfonts/cm/cmr10.pfb></us
r/local/texlive/2015/texmf-dist/fonts/type1/public/amsfonts/cm/cmr12.pfb></usr/
local/texlive/2015/texmf-dist/fonts/type1/public/amsfonts/cm/cmr17.pfb></usr/lo
cal/texlive/2015/texmf-dist/fonts/type1/public/amsfonts/cm/cmr7.pfb></usr/local
/texlive/2015/texmf-dist/fonts/type1/public/amsfonts/cm/cmr8.pfb></usr/local/te
xlive/2015/texmf-dist/fonts/type1/public/amsfonts/cm/cmss8.pfb></usr/local/texl
ive/2015/texmf-dist/fonts/type1/public/amsfonts/cm/cmsy10.pfb></usr/local/texli
ve/2015/texmf-dist/fonts/type1/public/amsfonts/cm/cmsy8.pfb></usr/local/texlive
/2015/texmf-dist/fonts/type1/public/amsfonts/cm/cmti12.pfb>
Output written on mona-lisa.pdf (31 pages, 5515860 bytes).
PDF statistics:
 194 PDF objects out of 1000 (max. 8388607)
 122 compressed objects within 2 object streams
 0 named destinations out of 1000 (max. 500000)
 51 words of extra memory for PDF output out of 10000 (max. 10000000)

